
 --- Table  1: Summary of nuclide data: 

 Data for 5 nuclides included in calculation:

 - 5 Transport nuclides
 - No dosimetry nuclides
 - No decay nuclides
 - 141 reaction channels
 - 20 special reactions
 - No transmutation reactions
 - No transmutation branch reactions
 - No decay reactions
 - No decay branch reactions
 - All reaction linked to target

 Columns:

  1. Index
  2. Level (first occurence in transmutation paths)
  3. Name (nuclide identifier data)
  4. Library ID
  5. Primary data type: TRA = transport
                        DOS = dosimetry
                        SAB = thermal scattering
                        DEC = only decay data
                        STR = only structural data (mass)
                        PHO = photon interaction data
  6. Z (atomic number)
  7. A (isotope number)
  8. I (isomeric state)
  9. Atomic weight
 10. Temperature (in Kelvin)
 11. Decay constant (1/s)
 12. Flags: I - nuclide is present in initial composition
            B - nuclide is involved in burnup calculation
            A - nuclide is produced as activation product
            D - nuclide is produced as decay product
            F - nuclide is produced as fission product
            B - nuclide is produced in decay or transmutation branching
            T - nuclide has neutron transport cross section data
            S - nuclide has S(a,b) data
            I - nuclide has isomeric branching reactions
            F - nuclide is fissile
            P - nuclide is a delayed neutron precursor
            D - nuclide has delayed neutron data
            U - nuclide has uses ures ptable data
            T - nuclide cross sections are adjusted by TMS
            D - nuclide has dosimetry cross section data
            R - nuclide has radioactive decay data
            N - nuclide has neutron-induced fission yield data
            S - nuclide has spontaneous fission yield data
            P - nuclide has photon transport cross section data
            T - nuclide has supplementary transmutation cross section data

    1   0  3006.09c      09c  TRA    3   6 0    6.01507   900.0          N/A  I-----T-------------  lithium 6 (Li-6)
    2   0  3007.09c      09c  TRA    3   7 0    7.01600   900.0          N/A  I-----T-------------  lithium 7 (Li-7)
    3   0  4009.09c      09c  TRA    4   9 0    9.01220   900.0          N/A  I-----T-------------  beryllium 9 (Be-9)
    4   0  9019.09c      09c  TRA    9  19 0   18.99820   900.0          N/A  I-----T-------------  fluorine 19 (F-19)
    5   0  92235.09c     09c  TRA   92 235 0  235.04415   900.0          N/A  I-----T--F-DU-------  uranium 235 (U-235)

 --- Table  2: Reaction and decay data: 

 Nuclide    1 / 5 : 3006.09c -- lithium 6 (Li-6)

 Pointers                     : 15132 3299
 Primary type                 : Transport
 Nuclide ZAI                  : 30060
 Library ID                   : 09c
 Cross section data file      : /Users/rodrigo/opt/Serpent2/xsdata/XSdata_jeff311/acedata/3006JEF311.ace
 Atomic weight (AW)           : 6.01507
 Atomic weight ratio (AWR)    : 5.96340
 Temperature                  : 900.0 Kelvin
 XS temperature               : 900.0 Kelvin
 Minimum and maximum energy   : 1.00000E-11 2.00000E+01
 Half-life                    : N/A
 Specific ingestion toxicity  : N/A
 Specific inhalation toxicity : N/A

 - Nuclide is not involved in burnup calculation
 - Nuclide has neutron transport data
 - Nuclide has no photon transport data
 - Nuclide has no S(a,b) data
 - Nuclide has no isomeric branching data
 - Nuclide is not fissile
 - Nuclide is not a delayed neutron precursor
 - Nuclide has no delayed neutron data
 - Nuclide has no ures ptable data
 - Nuclide temperature is not adjusted with TMS
 - Nuclide has no dosimetry data
 - Nuclide has no decay data
 - Nuclide has no supplementary transmutation cross section data
 - Nuclide has no NFY data
 - Nuclide has no SFY data

 - 36 reaction channels
 - 5 special reactions
 - No transmutation reactions
 - No transmutation branch reactions
 - No decay reactions
 - No decay branch reactions
 - No transmutation paths

 36 reactions channel:

   1    MT =      2  Q =  0.00000E+00 MeV  Emin = 1.00000E-11 MeV  frac = 1.00000E+00  : elastic scattering
   2    MT =     24  Q = -3.69800E+00 MeV  Emin = 4.31812E+00 MeV  frac = 1.00000E+00  : (n,2nalpha)
   3    MT =     51  Q = -1.50000E+00 MeV  Emin = 1.75154E+00 MeV  frac = 1.00000E+00  : inelastic scatt. to 1. excited state
   4    MT =     52  Q = -2.00000E+00 MeV  Emin = 2.33540E+00 MeV  frac = 1.00000E+00  : inelastic scatt. to 2. excited state
   5    MT =     53  Q = -2.18500E+00 MeV  Emin = 2.55140E+00 MeV  frac = 1.00000E+00  : inelastic scatt. to 3. excited state
   6    MT =     54  Q = -2.50000E+00 MeV  Emin = 2.91922E+00 MeV  frac = 1.00000E+00  : inelastic scatt. to 4. excited state
   7    MT =     55  Q = -3.00000E+00 MeV  Emin = 3.50310E+00 MeV  frac = 1.00000E+00  : inelastic scatt. to 5. excited state
   8    MT =     56  Q = -3.50000E+00 MeV  Emin = 4.08692E+00 MeV  frac = 1.00000E+00  : inelastic scatt. to 6. excited state
   9    MT =     57  Q = -3.56200E+00 MeV  Emin = 4.15931E+00 MeV  frac = 1.00000E+00  : inelastic scatt. to 7. excited state
  10    MT =     58  Q = -4.00000E+00 MeV  Emin = 4.67080E+00 MeV  frac = 1.00000E+00  : inelastic scatt. to 8. excited state
  11    MT =     59  Q = -4.50000E+00 MeV  Emin = 5.25460E+00 MeV  frac = 1.00000E+00  : inelastic scatt. to 9. excited state
  12    MT =     60  Q = -5.00000E+00 MeV  Emin = 5.83845E+00 MeV  frac = 1.00000E+00  : inelastic scatt. to 10. excited state
  13    MT =     61  Q = -5.50000E+00 MeV  Emin = 6.42230E+00 MeV  frac = 1.00000E+00  : inelastic scatt. to 11. excited state
  14    MT =     62  Q = -6.00000E+00 MeV  Emin = 7.00614E+00 MeV  frac = 1.00000E+00  : inelastic scatt. to 12. excited state
  15    MT =     63  Q = -6.50000E+00 MeV  Emin = 7.59000E+00 MeV  frac = 1.00000E+00  : inelastic scatt. to 13. excited state
  16    MT =     64  Q = -7.00000E+00 MeV  Emin = 8.17383E+00 MeV  frac = 1.00000E+00  : inelastic scatt. to 14. excited state
  17    MT =     65  Q = -7.50000E+00 MeV  Emin = 8.75770E+00 MeV  frac = 1.00000E+00  : inelastic scatt. to 15. excited state
  18    MT =     66  Q = -8.00000E+00 MeV  Emin = 9.34152E+00 MeV  frac = 1.00000E+00  : inelastic scatt. to 16. excited state
  19    MT =     67  Q = -8.50000E+00 MeV  Emin = 9.92536E+00 MeV  frac = 1.00000E+00  : inelastic scatt. to 17. excited state
  20    MT =     68  Q = -9.00000E+00 MeV  Emin = 1.05092E+01 MeV  frac = 1.00000E+00  : inelastic scatt. to 18. excited state
  21    MT =     69  Q = -9.50000E+00 MeV  Emin = 1.10931E+01 MeV  frac = 1.00000E+00  : inelastic scatt. to 19. excited state
  22    MT =     70  Q = -1.00000E+01 MeV  Emin = 1.16770E+01 MeV  frac = 1.00000E+00  : inelastic scatt. to 20. excited state
  23    MT =     71  Q = -1.05000E+01 MeV  Emin = 1.22610E+01 MeV  frac = 1.00000E+00  : inelastic scatt. to 21. excited state
  24    MT =     72  Q = -1.10000E+01 MeV  Emin = 1.28450E+01 MeV  frac = 1.00000E+00  : inelastic scatt. to 22. excited state
  25    MT =     73  Q = -1.15000E+01 MeV  Emin = 1.34284E+01 MeV  frac = 1.00000E+00  : inelastic scatt. to 23. excited state
  26    MT =     74  Q = -1.20000E+01 MeV  Emin = 1.40123E+01 MeV  frac = 1.00000E+00  : inelastic scatt. to 24. excited state
  27    MT =     75  Q = -1.25000E+01 MeV  Emin = 1.45961E+01 MeV  frac = 1.00000E+00  : inelastic scatt. to 25. excited state
  28    MT =     76  Q = -1.30000E+01 MeV  Emin = 1.51800E+01 MeV  frac = 1.00000E+00  : inelastic scatt. to 26. excited state
  29    MT =     77  Q = -1.35000E+01 MeV  Emin = 1.57640E+01 MeV  frac = 1.00000E+00  : inelastic scatt. to 27. excited state
  30    MT =     78  Q = -1.40000E+01 MeV  Emin = 1.63480E+01 MeV  frac = 1.00000E+00  : inelastic scatt. to 28. excited state
  31    MT =     79  Q = -1.45000E+01 MeV  Emin = 1.69315E+01 MeV  frac = 1.00000E+00  : inelastic scatt. to 29. excited state
  32    MT =     80  Q = -1.50000E+01 MeV  Emin = 1.75154E+01 MeV  frac = 1.00000E+00  : inelastic scatt. to 30. excited state
  33    MT =     81  Q = -1.55000E+01 MeV  Emin = 1.80992E+01 MeV  frac = 1.00000E+00  : inelastic scatt. to 31. excited state
  34    MT =    102  Q =  7.25060E+00 MeV  Emin = 1.00000E-11 MeV  frac = 1.00000E+00  : (n,gamma)
  35    MT =    103  Q = -2.72730E+00 MeV  Emin = 3.18464E+00 MeV  frac = 1.00000E+00  : (n,p)
  36    MT =    105  Q =  4.78380E+00 MeV  Emin = 1.00000E-11 MeV  frac = 1.00000E+00  : (n,t)

 5 special reactions:

   1    MT =    203  Q =  0.00000E+00 MeV  Emin = 3.18460E+00 MeV  : total proton production
   2    MT =    204  Q =  0.00000E+00 MeV  Emin = 1.75154E+00 MeV  : total deuteron production
   3    MT =    205  Q =  0.00000E+00 MeV  Emin = 1.00000E-11 MeV  : total triton production
   4    MT =    207  Q =  0.00000E+00 MeV  Emin = 1.00000E-11 MeV  : total alpha production
   5    MT =      4  Q =  0.00000E+00 MeV  Emin = 1.75154E+00 MeV  : total inelastic scattering

 Nuclide    2 / 5 : 3007.09c -- lithium 7 (Li-7)

 Pointers                     : 18194 3575
 Primary type                 : Transport
 Nuclide ZAI                  : 30070
 Library ID                   : 09c
 Cross section data file      : /Users/rodrigo/opt/Serpent2/xsdata/XSdata_jeff311/acedata/3007JEF311.ace
 Atomic weight (AW)           : 7.01600
 Atomic weight ratio (AWR)    : 6.95573
 Temperature                  : 900.0 Kelvin
 XS temperature               : 900.0 Kelvin
 Minimum and maximum energy   : 1.00000E-11 2.00000E+01
 Half-life                    : N/A
 Specific ingestion toxicity  : N/A
 Specific inhalation toxicity : N/A

 - Nuclide is not involved in burnup calculation
 - Nuclide has neutron transport data
 - Nuclide has no photon transport data
 - Nuclide has no S(a,b) data
 - Nuclide has no isomeric branching data
 - Nuclide is not fissile
 - Nuclide is not a delayed neutron precursor
 - Nuclide has no delayed neutron data
 - Nuclide has no ures ptable data
 - Nuclide temperature is not adjusted with TMS
 - Nuclide has no dosimetry data
 - Nuclide has no decay data
 - Nuclide has no supplementary transmutation cross section data
 - Nuclide has no NFY data
 - Nuclide has no SFY data

 - 11 reaction channels
 - 5 special reactions
 - No transmutation reactions
 - No transmutation branch reactions
 - No decay reactions
 - No decay branch reactions
 - No transmutation paths

 11 reactions channel:

   1    MT =      2  Q =  0.00000E+00 MeV  Emin = 1.00000E-11 MeV  frac = 1.00000E+00  : elastic scattering
   2    MT =     16  Q = -7.25050E+00 MeV  Emin = 8.29288E+00 MeV  frac = 1.00000E+00  : (n,2n)
   3    MT =     24  Q = -8.72400E+00 MeV  Emin = 9.97823E+00 MeV  frac = 1.00000E+00  : (n,2nalpha)
   4    MT =     25  Q = -1.09486E+01 MeV  Emin = 1.25227E+01 MeV  frac = 1.00000E+00  : (n,3nalpha)
   5    MT =     28  Q = -7.75320E+00 MeV  Emin = 8.86790E+00 MeV  frac = 1.00000E+00  : (n,np)
   6    MT =     51  Q = -4.77610E-01 MeV  Emin = 5.46277E-01 MeV  frac = 1.00000E+00  : inelastic scatt. to 1. excited state
   7    MT =     52  Q = -4.63000E+00 MeV  Emin = 5.29564E+00 MeV  frac = 1.00000E+00  : inelastic scatt. to 2. excited state
   8    MT =     53  Q = -6.68000E+00 MeV  Emin = 7.64036E+00 MeV  frac = 1.00000E+00  : inelastic scatt. to 3. excited state
   9    MT =     91  Q = -2.46670E+00 MeV  Emin = 3.14540E+00 MeV  frac = 1.00000E+00  : inelastic scattering to continuum
  10    MT =    102  Q =  2.03280E+00 MeV  Emin = 1.00000E-11 MeV  frac = 1.00000E+00  : (n,gamma)
  11    MT =    104  Q = -7.75320E+00 MeV  Emin = 8.86790E+00 MeV  frac = 1.00000E+00  : (n,d)

 5 special reactions:

   1    MT =    203  Q =  0.00000E+00 MeV  Emin = 8.86790E+00 MeV  : total proton production
   2    MT =    204  Q =  0.00000E+00 MeV  Emin = 8.86790E+00 MeV  : total deuteron production
   3    MT =    205  Q =  0.00000E+00 MeV  Emin = 5.29564E+00 MeV  : total triton production
   4    MT =    207  Q =  0.00000E+00 MeV  Emin = 5.29564E+00 MeV  : total alpha production
   5    MT =      4  Q =  0.00000E+00 MeV  Emin = 5.46277E-01 MeV  : total inelastic scattering

 Nuclide    3 / 5 : 4009.09c -- beryllium 9 (Be-9)

 Pointers                     : 22148 4127
 Primary type                 : Transport
 Nuclide ZAI                  : 40090
 Library ID                   : 09c
 Cross section data file      : /Users/rodrigo/opt/Serpent2/xsdata/XSdata_jeff311/acedata/4009JEF311.ace
 Atomic weight (AW)           : 9.01220
 Atomic weight ratio (AWR)    : 8.93478
 Temperature                  : 900.0 Kelvin
 XS temperature               : 900.0 Kelvin
 Minimum and maximum energy   : 1.00000E-11 2.00000E+01
 Half-life                    : N/A
 Specific ingestion toxicity  : N/A
 Specific inhalation toxicity : N/A

 - Nuclide is not involved in burnup calculation
 - Nuclide has neutron transport data
 - Nuclide has no photon transport data
 - Nuclide has no S(a,b) data
 - Nuclide has no isomeric branching data
 - Nuclide is not fissile
 - Nuclide is not a delayed neutron precursor
 - Nuclide has no delayed neutron data
 - Nuclide has no ures ptable data
 - Nuclide temperature is not adjusted with TMS
 - Nuclide has no dosimetry data
 - Nuclide has no decay data
 - Nuclide has no supplementary transmutation cross section data
 - Nuclide has no NFY data
 - Nuclide has no SFY data

 - 22 reaction channels
 - 4 special reactions
 - No transmutation reactions
 - No transmutation branch reactions
 - No decay reactions
 - No decay branch reactions
 - No transmutation paths

 22 reactions channel:

   1    MT =      2  Q =  0.00000E+00 MeV  Emin = 1.00000E-11 MeV  frac = 1.00000E+00  : elastic scattering
   2    MT =    875  Q = -1.68400E+00 MeV  Emin = 2.60000E+00 MeV  frac = 1.00000E+00  : (n,2n) to ground state
   3    MT =    876  Q = -2.42940E+00 MeV  Emin = 2.70130E+00 MeV  frac = 1.00000E+00  : (n,2n) to 1. excited state
   4    MT =    877  Q = -2.78000E+00 MeV  Emin = 3.09114E+00 MeV  frac = 1.00000E+00  : (n,2n) to 2. excited state
   5    MT =    878  Q = -3.04900E+00 MeV  Emin = 3.39030E+00 MeV  frac = 1.00000E+00  : (n,2n) to 3. excited state
   6    MT =    879  Q = -4.70400E+00 MeV  Emin = 5.23050E+00 MeV  frac = 1.00000E+00  : (n,2n) to 4. excited state
   7    MT =    880  Q = -5.59000E+00 MeV  Emin = 6.21565E+00 MeV  frac = 1.00000E+00  : (n,2n) to 5. excited state
   8    MT =    881  Q = -6.38000E+00 MeV  Emin = 7.09410E+00 MeV  frac = 1.00000E+00  : (n,2n) to 6. excited state
   9    MT =    882  Q = -6.76000E+00 MeV  Emin = 7.51660E+00 MeV  frac = 1.00000E+00  : (n,2n) to 7. excited state
  10    MT =    883  Q = -7.94000E+00 MeV  Emin = 8.82870E+00 MeV  frac = 1.00000E+00  : (n,2n) to 8. excited state
  11    MT =    884  Q = -1.12830E+01 MeV  Emin = 1.25460E+01 MeV  frac = 1.00000E+00  : (n,2n) to 9. excited state
  12    MT =    885  Q = -1.18100E+01 MeV  Emin = 1.31320E+01 MeV  frac = 1.00000E+00  : (n,2n) to 10. excited state
  13    MT =    886  Q = -2.39700E+00 MeV  Emin = 2.80000E+00 MeV  frac = 1.00000E+00  : (n,2n) to 11. excited state
  14    MT =    887  Q = -4.00000E+00 MeV  Emin = 4.44770E+00 MeV  frac = 1.00000E+00  : (n,2n) to 12. excited state
  15    MT =    888  Q = -3.35000E+00 MeV  Emin = 3.72494E+00 MeV  frac = 1.00000E+00  : (n,2n) to 13. excited state
  16    MT =    889  Q = -1.66540E+00 MeV  Emin = 1.85180E+00 MeV  frac = 1.00000E+00  : (n,2n) to 14. excited state
  17    MT =    890  Q = -2.46360E+00 MeV  Emin = 2.73933E+00 MeV  frac = 1.00000E+00  : (n,2n) to 15. excited state
  18    MT =    102  Q =  6.81300E+00 MeV  Emin = 1.00000E-11 MeV  frac = 1.00000E+00  : (n,gamma)
  19    MT =    103  Q = -1.28300E+01 MeV  Emin = 1.42700E+01 MeV  frac = 1.00000E+00  : (n,p)
  20    MT =    104  Q = -1.46600E+01 MeV  Emin = 1.63010E+01 MeV  frac = 1.00000E+00  : (n,d)
  21    MT =    105  Q = -1.04400E+01 MeV  Emin = 1.16085E+01 MeV  frac = 1.00000E+00  : (n,t)
  22    MT =    107  Q = -6.00000E-01 MeV  Emin = 6.67153E-01 MeV  frac = 1.00000E+00  : (n,alpha)

 4 special reactions:

   1    MT =    203  Q =  0.00000E+00 MeV  Emin = 1.42700E+01 MeV  : total proton production
   2    MT =    204  Q =  0.00000E+00 MeV  Emin = 1.60000E+01 MeV  : total deuteron production
   3    MT =    205  Q =  0.00000E+00 MeV  Emin = 1.16085E+01 MeV  : total triton production
   4    MT =    207  Q =  0.00000E+00 MeV  Emin = 6.67153E-01 MeV  : total alpha production

 Nuclide    4 / 5 : 9019.09c -- fluorine 19 (F-19)

 Pointers                     : 19451 6611
 Primary type                 : Transport
 Nuclide ZAI                  : 90190
 Library ID                   : 09c
 Cross section data file      : /Users/rodrigo/opt/Serpent2/xsdata/XSdata_jeff311/acedata/9019JEF311.ace
 Atomic weight (AW)           : 18.99820
 Atomic weight ratio (AWR)    : 18.83500
 Temperature                  : 900.0 Kelvin
 XS temperature               : 900.0 Kelvin
 Minimum and maximum energy   : 1.00000E-11 2.00000E+01
 Half-life                    : N/A
 Specific ingestion toxicity  : N/A
 Specific inhalation toxicity : N/A

 - Nuclide is not involved in burnup calculation
 - Nuclide has neutron transport data
 - Nuclide has no photon transport data
 - Nuclide has no S(a,b) data
 - Nuclide has no isomeric branching data
 - Nuclide is not fissile
 - Nuclide is not a delayed neutron precursor
 - Nuclide has no delayed neutron data
 - Nuclide has no ures ptable data
 - Nuclide temperature is not adjusted with TMS
 - Nuclide has no dosimetry data
 - Nuclide has no decay data
 - Nuclide has no supplementary transmutation cross section data
 - Nuclide has no NFY data
 - Nuclide has no SFY data

 - 31 reaction channels
 - 5 special reactions
 - No transmutation reactions
 - No transmutation branch reactions
 - No decay reactions
 - No decay branch reactions
 - No transmutation paths

 31 reactions channel:

   1    MT =      2  Q =  0.00000E+00 MeV  Emin = 1.00000E-11 MeV  frac = 1.00000E+00  : elastic scattering
   2    MT =     16  Q = -1.04310E+01 MeV  Emin = 1.10000E+01 MeV  frac = 1.00000E+00  : (n,2n)
   3    MT =     22  Q = -4.01290E+00 MeV  Emin = 4.22600E+00 MeV  frac = 1.00000E+00  : (n,nalpha)
   4    MT =     28  Q = -7.99300E+00 MeV  Emin = 8.41740E+00 MeV  frac = 1.00000E+00  : (n,np)
   5    MT =     51  Q = -1.09900E-01 MeV  Emin = 1.15840E-01 MeV  frac = 1.00000E+00  : inelastic scatt. to 1. excited state
   6    MT =     52  Q = -1.97200E-01 MeV  Emin = 2.07670E-01 MeV  frac = 1.00000E+00  : inelastic scatt. to 2. excited state
   7    MT =     53  Q = -1.34600E+00 MeV  Emin = 1.41750E+00 MeV  frac = 1.00000E+00  : inelastic scatt. to 3. excited state
   8    MT =     54  Q = -1.45900E+00 MeV  Emin = 1.53650E+00 MeV  frac = 1.00000E+00  : inelastic scatt. to 4. excited state
   9    MT =     55  Q = -1.55400E+00 MeV  Emin = 1.63651E+00 MeV  frac = 1.00000E+00  : inelastic scatt. to 5. excited state
  10    MT =     56  Q = -2.78000E+00 MeV  Emin = 2.92760E+00 MeV  frac = 1.00000E+00  : inelastic scatt. to 6. excited state
  11    MT =     57  Q = -3.90700E+00 MeV  Emin = 4.11443E+00 MeV  frac = 1.00000E+00  : inelastic scatt. to 7. excited state
  12    MT =     58  Q = -3.99900E+00 MeV  Emin = 4.21132E+00 MeV  frac = 1.00000E+00  : inelastic scatt. to 8. excited state
  13    MT =     59  Q = -4.03200E+00 MeV  Emin = 4.24610E+00 MeV  frac = 1.00000E+00  : inelastic scatt. to 9. excited state
  14    MT =     60  Q = -4.37800E+00 MeV  Emin = 4.61044E+00 MeV  frac = 1.00000E+00  : inelastic scatt. to 10. excited state
  15    MT =     61  Q = -4.54900E+00 MeV  Emin = 4.79052E+00 MeV  frac = 1.00000E+00  : inelastic scatt. to 11. excited state
  16    MT =     62  Q = -4.55800E+00 MeV  Emin = 4.80000E+00 MeV  frac = 1.00000E+00  : inelastic scatt. to 12. excited state
  17    MT =     63  Q = -4.64800E+00 MeV  Emin = 4.89480E+00 MeV  frac = 1.00000E+00  : inelastic scatt. to 13. excited state
  18    MT =     64  Q = -4.68300E+00 MeV  Emin = 4.93163E+00 MeV  frac = 1.00000E+00  : inelastic scatt. to 14. excited state
  19    MT =     65  Q = -5.10600E+00 MeV  Emin = 5.37710E+00 MeV  frac = 1.00000E+00  : inelastic scatt. to 15. excited state
  20    MT =     66  Q = -5.36600E+00 MeV  Emin = 5.65090E+00 MeV  frac = 1.00000E+00  : inelastic scatt. to 16. excited state
  21    MT =     67  Q = -5.43000E+00 MeV  Emin = 5.71830E+00 MeV  frac = 1.00000E+00  : inelastic scatt. to 17. excited state
  22    MT =     68  Q = -5.46400E+00 MeV  Emin = 5.75410E+00 MeV  frac = 1.00000E+00  : inelastic scatt. to 18. excited state
  23    MT =     69  Q = -5.49900E+00 MeV  Emin = 5.79100E+00 MeV  frac = 1.00000E+00  : inelastic scatt. to 19. excited state
  24    MT =     70  Q = -5.54000E+00 MeV  Emin = 5.83413E+00 MeV  frac = 1.00000E+00  : inelastic scatt. to 20. excited state
  25    MT =     71  Q = -5.62100E+00 MeV  Emin = 5.91944E+00 MeV  frac = 1.00000E+00  : inelastic scatt. to 21. excited state
  26    MT =     91  Q = -5.64000E+00 MeV  Emin = 5.93944E+00 MeV  frac = 1.00000E+00  : inelastic scattering to continuum
  27    MT =    102  Q =  6.60130E+00 MeV  Emin = 1.00000E-11 MeV  frac = 1.00000E+00  : (n,gamma)
  28    MT =    103  Q = -4.03600E+00 MeV  Emin = 4.25030E+00 MeV  frac = 1.00000E+00  : (n,p)
  29    MT =    104  Q = -5.76800E+00 MeV  Emin = 7.00000E+00 MeV  frac = 1.00000E+00  : (n,d)
  30    MT =    105  Q = -7.55700E+00 MeV  Emin = 9.50000E+00 MeV  frac = 1.00000E+00  : (n,t)
  31    MT =    107  Q = -1.52300E+00 MeV  Emin = 1.60390E+00 MeV  frac = 1.00000E+00  : (n,alpha)

 5 special reactions:

   1    MT =    203  Q =  0.00000E+00 MeV  Emin = 4.25030E+00 MeV  : total proton production
   2    MT =    204  Q =  0.00000E+00 MeV  Emin = 6.99870E+00 MeV  : total deuteron production
   3    MT =    205  Q =  0.00000E+00 MeV  Emin = 9.50000E+00 MeV  : total triton production
   4    MT =    207  Q =  0.00000E+00 MeV  Emin = 1.60390E+00 MeV  : total alpha production
   5    MT =      4  Q =  0.00000E+00 MeV  Emin = 1.15840E-01 MeV  : total inelastic scattering

 Nuclide    5 / 5 : 92235.09c -- uranium 235 (U-235)

 Pointers                     : 24125 106523
 Primary type                 : Transport
 Nuclide ZAI                  : 922350
 Library ID                   : 09c
 Cross section data file      : /Users/rodrigo/opt/Serpent2/xsdata/XSdata_jeff311/acedata/92235JEF311.ace
 Atomic weight (AW)           : 235.04415
 Atomic weight ratio (AWR)    : 233.02500
 Temperature                  : 900.0 Kelvin
 XS temperature               : 900.0 Kelvin
 Minimum and maximum energy   : 1.00000E-11 2.00000E+01
 Half-life                    : N/A
 Specific ingestion toxicity  : N/A
 Specific inhalation toxicity : N/A
 Energy deposited per fission : 202.27 MeV

 - Nuclide is not involved in burnup calculation
 - Nuclide has neutron transport data
 - Nuclide has no photon transport data
 - Nuclide has no S(a,b) data
 - Nuclide has no isomeric branching data
 - Nuclide is fissile
 - Nuclide is not a delayed neutron precursor
 - Nuclide has delayed neutron data in 8 precursor groups
 - Nuclide uses ures ptable data between 2.25000E-03 and 2.50000E-02 MeV
 - Nuclide temperature is not adjusted with TMS
 - Nuclide has no dosimetry data
 - Nuclide has no decay data
 - Nuclide has no supplementary transmutation cross section data
 - Nuclide has no NFY data
 - Nuclide has no SFY data

 - 41 reaction channels
 - 1 special reactions
 - No transmutation reactions
 - No transmutation branch reactions
 - No decay reactions
 - No decay branch reactions
 - No transmutation paths

 41 reactions channel:

   1    MT =      2  Q =  0.00000E+00 MeV  Emin = 1.00000E-11 MeV  frac = 1.00000E+00  : elastic scattering
   2    MT =     16  Q = -5.29778E+00 MeV  Emin = 5.32052E+00 MeV  frac = 1.00000E+00  : (n,2n)
   3    MT =     17  Q = -1.21423E+01 MeV  Emin = 1.21944E+01 MeV  frac = 1.00000E+00  : (n,3n)
   4    MT =     18  Q =  1.93720E+02 MeV  Emin = 1.00000E-11 MeV  frac = 1.00000E+00  : total fission
   5    MT =     37  Q = -1.78856E+01 MeV  Emin = 1.79624E+01 MeV  frac = 1.00000E+00  : (n,4n)
   6    MT =     51  Q = -7.68000E-05 MeV  Emin = 2.25000E-03 MeV  frac = 1.00000E+00  : inelastic scatt. to 1. excited state
   7    MT =     52  Q = -1.30400E-02 MeV  Emin = 1.30960E-02 MeV  frac = 1.00000E+00  : inelastic scatt. to 2. excited state
   8    MT =     53  Q = -4.62000E-02 MeV  Emin = 4.63983E-02 MeV  frac = 1.00000E+00  : inelastic scatt. to 3. excited state
   9    MT =     54  Q = -5.17010E-02 MeV  Emin = 5.19229E-02 MeV  frac = 1.00000E+00  : inelastic scatt. to 4. excited state
  10    MT =     55  Q = -8.17000E-02 MeV  Emin = 8.20510E-02 MeV  frac = 1.00000E+00  : inelastic scatt. to 5. excited state
  11    MT =     56  Q = -1.03000E-01 MeV  Emin = 1.03442E-01 MeV  frac = 1.00000E+00  : inelastic scatt. to 6. excited state
  12    MT =     57  Q = -1.29300E-01 MeV  Emin = 1.29855E-01 MeV  frac = 1.00000E+00  : inelastic scatt. to 7. excited state
  13    MT =     58  Q = -1.50500E-01 MeV  Emin = 1.51150E-01 MeV  frac = 1.00000E+00  : inelastic scatt. to 8. excited state
  14    MT =     59  Q = -1.70700E-01 MeV  Emin = 1.71433E-01 MeV  frac = 1.00000E+00  : inelastic scatt. to 9. excited state
  15    MT =     60  Q = -1.71400E-01 MeV  Emin = 1.72140E-01 MeV  frac = 1.00000E+00  : inelastic scatt. to 10. excited state
  16    MT =     61  Q = -1.97100E-01 MeV  Emin = 1.97950E-01 MeV  frac = 1.00000E+00  : inelastic scatt. to 11. excited state
  17    MT =     62  Q = -2.25400E-01 MeV  Emin = 2.26370E-01 MeV  frac = 1.00000E+00  : inelastic scatt. to 12. excited state
  18    MT =     63  Q = -2.49100E-01 MeV  Emin = 2.50170E-01 MeV  frac = 1.00000E+00  : inelastic scatt. to 13. excited state
  19    MT =     64  Q = -2.91400E-01 MeV  Emin = 2.92651E-01 MeV  frac = 1.00000E+00  : inelastic scatt. to 14. excited state
  20    MT =     65  Q = -2.94700E-01 MeV  Emin = 2.95965E-01 MeV  frac = 1.00000E+00  : inelastic scatt. to 15. excited state
  21    MT =     66  Q = -3.32800E-01 MeV  Emin = 3.34230E-01 MeV  frac = 1.00000E+00  : inelastic scatt. to 16. excited state
  22    MT =     67  Q = -3.38500E-01 MeV  Emin = 3.39953E-01 MeV  frac = 1.00000E+00  : inelastic scatt. to 17. excited state
  23    MT =     68  Q = -3.57300E-01 MeV  Emin = 3.58834E-01 MeV  frac = 1.00000E+00  : inelastic scatt. to 18. excited state
  24    MT =     69  Q = -3.67100E-01 MeV  Emin = 3.68680E-01 MeV  frac = 1.00000E+00  : inelastic scatt. to 19. excited state
  25    MT =     70  Q = -3.93200E-01 MeV  Emin = 3.94890E-01 MeV  frac = 1.00000E+00  : inelastic scatt. to 20. excited state
  26    MT =     71  Q = -4.14800E-01 MeV  Emin = 4.16580E-01 MeV  frac = 1.00000E+00  : inelastic scatt. to 21. excited state
  27    MT =     72  Q = -4.26700E-01 MeV  Emin = 4.28531E-01 MeV  frac = 1.00000E+00  : inelastic scatt. to 22. excited state
  28    MT =     73  Q = -4.30000E-01 MeV  Emin = 4.31845E-01 MeV  frac = 1.00000E+00  : inelastic scatt. to 23. excited state
  29    MT =     74  Q = -4.38500E-01 MeV  Emin = 4.40382E-01 MeV  frac = 1.00000E+00  : inelastic scatt. to 24. excited state
  30    MT =     75  Q = -4.45700E-01 MeV  Emin = 4.47613E-01 MeV  frac = 1.00000E+00  : inelastic scatt. to 25. excited state
  31    MT =     76  Q = -4.74300E-01 MeV  Emin = 4.76340E-01 MeV  frac = 1.00000E+00  : inelastic scatt. to 26. excited state
  32    MT =     77  Q = -5.50000E-01 MeV  Emin = 5.52361E-01 MeV  frac = 1.00000E+00  : inelastic scatt. to 27. excited state
  33    MT =     78  Q = -6.50000E-01 MeV  Emin = 6.52790E-01 MeV  frac = 1.00000E+00  : inelastic scatt. to 28. excited state
  34    MT =     79  Q = -7.70000E-01 MeV  Emin = 7.73305E-01 MeV  frac = 1.00000E+00  : inelastic scatt. to 29. excited state
  35    MT =     80  Q = -9.00000E-01 MeV  Emin = 9.03863E-01 MeV  frac = 1.00000E+00  : inelastic scatt. to 30. excited state
  36    MT =     81  Q = -1.04000E+00 MeV  Emin = 1.04446E+00 MeV  frac = 1.00000E+00  : inelastic scatt. to 31. excited state
  37    MT =     82  Q = -1.08500E+00 MeV  Emin = 1.08966E+00 MeV  frac = 1.00000E+00  : inelastic scatt. to 32. excited state
  38    MT =     83  Q = -1.33000E+00 MeV  Emin = 1.33571E+00 MeV  frac = 1.00000E+00  : inelastic scatt. to 33. excited state
  39    MT =     84  Q = -1.43000E+00 MeV  Emin = 1.43614E+00 MeV  frac = 1.00000E+00  : inelastic scatt. to 34. excited state
  40    MT =     91  Q = -4.97864E-01 MeV  Emin = 5.00000E-01 MeV  frac = 1.00000E+00  : inelastic scattering to continuum
  41    MT =    102  Q =  6.54520E+00 MeV  Emin = 1.00000E-11 MeV  frac = 1.00000E+00  : (n,gamma)

 1 special reaction:

   1    MT =      4  Q =  0.00000E+00 MeV  Emin = 2.25000E-03 MeV  : total inelastic scattering

 --- Table  1: Summary of material compositions: 

 1 materials included in calculation


Material "fuel_nominal":

 - Material is included in majorant
 - Material is included in geometry
 - Atom density 7.0994E-02 1/barn*cm
 - Mass density 2.0000E+00 g/cm3
 - Volume 0.0000E+00 cm3
 - Mass 0.0000E+00 g
 - Photon emission rate 0.0000E+00 1/s
 - Neutron emission rate 0.0000E+00 1/s
 - 5 nuclides in composition
 - No nuclides associated with S(a,b) data
 - 1.48 Mb of memory allocated for data

Isotopic composition (non-zero densities):

-------------------------------------------------------------------
 Nuclide    a. weight   temp      a. dens      a. frac      m. frac
-------------------------------------------------------------------
  3006.09c    6.01507  900.0  1.50176E-03  2.11533E-02  7.50013E-03    
  3007.09c    7.01600  900.0  1.85218E-02  2.60890E-01  1.07894E-01    
  9019.09c   18.99820  900.0  4.00470E-02  5.64087E-01  6.31697E-01    
  4009.09c    9.01220  900.0  1.00118E-02  1.41022E-01  7.49148E-02    
 92235.09c  235.04415  900.0  9.12071E-04  1.28471E-02  1.77994E-01    
       sum                    7.09944E-02  1.00000E+00  1.00000E+00
-------------------------------------------------------------------
